<?xml version="1.0" encoding="UTF-8"?>
<!-- Generated by org.testng.reporters.JUnitReportReporter -->
<testsuite skipped="0" hostname="DESKTOP-V61KJO9" name="testDemo.mocktestRegister" tests="2" failures="0" timestamp="05 六月 2018 02:37:25 GMT" time="0.086" errors="0">
  <testcase name="testRegister1" time="0.082" classname="testDemo.mocktestRegister"/>
  <testcase name="testRegister2" time="0.004" classname="testDemo.mocktestRegister"/>
</testsuite> <!-- testDemo.mocktestRegister -->
